2017-11-24 16:15:24,154 2      [       Worker-3] ERROR nal.ExecutableExtensionFactory  - 
java.lang.NullPointerException
	at org.eclipse.xtext.ui.guice.AbstractGuiceAwareExecutableExtensionFactory.create(AbstractGuiceAwareExecutableExtensionFactory.java:52)
	at org.eclipse.core.internal.registry.ConfigurationElement.createExecutableExtension(ConfigurationElement.java:262)
	at org.eclipse.core.internal.registry.ConfigurationElementHandle.createExecutableExtension(ConfigurationElementHandle.java:55)
	at org.eclipse.jdt.internal.core.JavaModelManager$CompilationParticipants$1.run(JavaModelManager.java:442)
	at org.eclipse.core.runtime.SafeRunner.run(SafeRunner.java:42)
	at org.eclipse.jdt.internal.core.JavaModelManager$CompilationParticipants.getCompilationParticipants(JavaModelManager.java:437)
	at org.eclipse.jdt.internal.core.builder.JavaBuilder.initializeBuilder(JavaBuilder.java:589)
	at org.eclipse.jdt.internal.core.builder.JavaBuilder.build(JavaBuilder.java:169)
	at org.eclipse.core.internal.events.BuildManager$2.run(BuildManager.java:735)
	at org.eclipse.core.runtime.SafeRunner.run(SafeRunner.java:42)
	at org.eclipse.core.internal.events.BuildManager.basicBuild(BuildManager.java:206)
	at org.eclipse.core.internal.events.BuildManager.basicBuild(BuildManager.java:246)
	at org.eclipse.core.internal.events.BuildManager$1.run(BuildManager.java:301)
	at org.eclipse.core.runtime.SafeRunner.run(SafeRunner.java:42)
	at org.eclipse.core.internal.events.BuildManager.basicBuild(BuildManager.java:304)
	at org.eclipse.core.internal.events.BuildManager.basicBuildLoop(BuildManager.java:360)
	at org.eclipse.core.internal.events.BuildManager.build(BuildManager.java:383)
	at org.eclipse.core.internal.events.AutoBuildJob.doBuild(AutoBuildJob.java:142)
	at org.eclipse.core.internal.events.AutoBuildJob.run(AutoBuildJob.java:232)
	at org.eclipse.core.internal.jobs.Worker.run(Worker.java:56)
2017-12-11 17:19:07,693 0      [      Worker-16] ERROR nal.ExecutableExtensionFactory  - 
java.lang.NullPointerException
	at org.eclipse.xtext.ui.guice.AbstractGuiceAwareExecutableExtensionFactory.create(AbstractGuiceAwareExecutableExtensionFactory.java:52)
	at org.eclipse.core.internal.registry.ConfigurationElement.createExecutableExtension(ConfigurationElement.java:262)
	at org.eclipse.core.internal.registry.ConfigurationElementHandle.createExecutableExtension(ConfigurationElementHandle.java:55)
	at org.eclipse.jdt.internal.core.JavaModelManager$CompilationParticipants$1.run(JavaModelManager.java:442)
	at org.eclipse.core.runtime.SafeRunner.run(SafeRunner.java:42)
	at org.eclipse.jdt.internal.core.JavaModelManager$CompilationParticipants.getCompilationParticipants(JavaModelManager.java:437)
	at org.eclipse.jdt.internal.core.builder.JavaBuilder.initializeBuilder(JavaBuilder.java:589)
	at org.eclipse.jdt.internal.core.builder.JavaBuilder.build(JavaBuilder.java:169)
	at org.eclipse.core.internal.events.BuildManager$2.run(BuildManager.java:735)
	at org.eclipse.core.runtime.SafeRunner.run(SafeRunner.java:42)
	at org.eclipse.core.internal.events.BuildManager.basicBuild(BuildManager.java:206)
	at org.eclipse.core.internal.events.BuildManager.basicBuild(BuildManager.java:246)
	at org.eclipse.core.internal.events.BuildManager$1.run(BuildManager.java:301)
	at org.eclipse.core.runtime.SafeRunner.run(SafeRunner.java:42)
	at org.eclipse.core.internal.events.BuildManager.basicBuild(BuildManager.java:304)
	at org.eclipse.core.internal.events.BuildManager.basicBuildLoop(BuildManager.java:360)
	at org.eclipse.core.internal.events.BuildManager.build(BuildManager.java:383)
	at org.eclipse.core.internal.events.AutoBuildJob.doBuild(AutoBuildJob.java:142)
	at org.eclipse.core.internal.events.AutoBuildJob.run(AutoBuildJob.java:232)
	at org.eclipse.core.internal.jobs.Worker.run(Worker.java:56)
